<?xml version="1.0" encoding="UTF-8"?>
<coverage generated="1650170845643" clover="3.2.0">
  <project timestamp="1650170845643" name="All files">
    <metrics statements="45" coveredstatements="41" conditionals="12" coveredconditionals="11" methods="13" coveredmethods="10" elements="70" coveredelements="62" complexity="0" loc="45" ncloc="45" packages="1" files="1" classes="1"/>
    <file name="MainScreen.js" path="/Users/kelvintay/Desktop/MemoryGame/app/MainScreen.js">
      <metrics statements="45" coveredstatements="41" conditionals="12" coveredconditionals="11" methods="13" coveredmethods="10"/>
      <line num="19" count="1" type="stmt"/>
      <line num="21" count="4" type="stmt"/>
      <line num="22" count="2" type="stmt"/>
      <line num="25" count="4" type="stmt"/>
      <line num="26" count="2" type="cond" truecount="1" falsecount="1"/>
      <line num="27" count="0" type="stmt"/>
      <line num="31" count="4" type="stmt"/>
      <line num="32" count="0" type="stmt"/>
      <line num="38" count="0" type="stmt"/>
      <line num="44" count="4" type="stmt"/>
      <line num="45" count="2" type="stmt"/>
      <line num="48" count="4" type="stmt"/>
      <line num="49" count="16" type="stmt"/>
      <line num="50" count="16" type="stmt"/>
      <line num="52" count="16" type="cond" truecount="2" falsecount="0"/>
      <line num="53" count="4" type="stmt"/>
      <line num="54" count="12" type="cond" truecount="2" falsecount="0"/>
      <line num="55" count="4" type="stmt"/>
      <line num="56" count="4" type="stmt"/>
      <line num="57" count="8" type="cond" truecount="2" falsecount="0"/>
      <line num="58" count="4" type="stmt"/>
      <line num="59" count="4" type="stmt"/>
      <line num="62" count="4" type="stmt"/>
      <line num="63" count="4" type="stmt"/>
      <line num="66" count="16" type="stmt"/>
      <line num="72" count="4" type="stmt"/>
      <line num="73" count="48" type="stmt"/>
      <line num="74" count="48" type="stmt"/>
      <line num="76" count="48" type="cond" truecount="2" falsecount="0"/>
      <line num="77" count="16" type="stmt"/>
      <line num="78" count="32" type="cond" truecount="2" falsecount="0"/>
      <line num="79" count="16" type="stmt"/>
      <line num="81" count="16" type="stmt"/>
      <line num="82" count="16" type="stmt"/>
      <line num="85" count="48" type="stmt"/>
      <line num="91" count="4" type="stmt"/>
      <line num="94" count="0" type="stmt"/>
      <line num="105" count="16" type="stmt"/>
      <line num="106" count="16" type="stmt"/>
      <line num="110" count="48" type="stmt"/>
      <line num="111" count="48" type="stmt"/>
      <line num="128" count="1" type="stmt"/>
      <line num="148" count="5" type="stmt"/>
      <line num="155" count="1" type="stmt"/>
      <line num="156" count="2" type="stmt"/>
    </file>
  </project>
</coverage>
