<?xml version="1.0" encoding="UTF-8"?>
<coverage generated="1650179720812" clover="3.2.0">
  <project timestamp="1650179720812" name="All files">
    <metrics statements="47" coveredstatements="43" conditionals="12" coveredconditionals="11" methods="15" coveredmethods="12" elements="74" coveredelements="66" complexity="0" loc="47" ncloc="47" packages="1" files="1" classes="1"/>
    <file name="MainScreen.js" path="/Users/kelvintay/Desktop/MemoryGame/app/MainScreen.js">
      <metrics statements="47" coveredstatements="43" conditionals="12" coveredconditionals="11" methods="15" coveredmethods="12"/>
      <line num="19" count="1" type="stmt"/>
      <line num="20" count="7" type="stmt"/>
      <line num="21" count="7" type="stmt"/>
      <line num="22" count="7" type="stmt"/>
      <line num="23" count="7" type="stmt"/>
      <line num="24" count="4" type="stmt"/>
      <line num="26" count="4" type="stmt"/>
      <line num="27" count="2" type="stmt"/>
      <line num="30" count="4" type="stmt"/>
      <line num="31" count="2" type="cond" truecount="1" falsecount="1"/>
      <line num="32" count="0" type="stmt"/>
      <line num="36" count="4" type="stmt"/>
      <line num="37" count="0" type="stmt"/>
      <line num="43" count="0" type="stmt"/>
      <line num="49" count="4" type="stmt"/>
      <line num="50" count="2" type="stmt"/>
      <line num="53" count="4" type="stmt"/>
      <line num="54" count="16" type="stmt"/>
      <line num="55" count="16" type="stmt"/>
      <line num="57" count="16" type="cond" truecount="2" falsecount="0"/>
      <line num="58" count="4" type="stmt"/>
      <line num="59" count="12" type="cond" truecount="2" falsecount="0"/>
      <line num="60" count="4" type="stmt"/>
      <line num="61" count="4" type="stmt"/>
      <line num="62" count="8" type="cond" truecount="2" falsecount="0"/>
      <line num="63" count="4" type="stmt"/>
      <line num="64" count="4" type="stmt"/>
      <line num="67" count="4" type="stmt"/>
      <line num="68" count="4" type="stmt"/>
      <line num="71" count="16" type="stmt"/>
      <line num="77" count="4" type="stmt"/>
      <line num="78" count="48" type="stmt"/>
      <line num="79" count="48" type="stmt"/>
      <line num="81" count="48" type="cond" truecount="2" falsecount="0"/>
      <line num="82" count="16" type="stmt"/>
      <line num="83" count="32" type="cond" truecount="2" falsecount="0"/>
      <line num="84" count="16" type="stmt"/>
      <line num="86" count="16" type="stmt"/>
      <line num="87" count="16" type="stmt"/>
      <line num="90" count="48" type="stmt"/>
      <line num="96" count="4" type="stmt"/>
      <line num="99" count="0" type="stmt"/>
      <line num="110" count="16" type="stmt"/>
      <line num="111" count="16" type="stmt"/>
      <line num="115" count="48" type="stmt"/>
      <line num="116" count="48" type="stmt"/>
      <line num="133" count="1" type="stmt"/>
    </file>
  </project>
</coverage>
