{"/Users/kelvintay/Desktop/MemoryGame/app/MainScreen.js": {"path":"/Users/kelvintay/Desktop/MemoryGame/app/MainScreen.js","statementMap":{"0":{"start":{"line":19,"column":19},"end":{"line":131,"column":1}},"1":{"start":{"line":20,"column":18},"end":{"line":20,"column":56}},"2":{"start":{"line":20,"column":39},"end":{"line":20,"column":55}},"3":{"start":{"line":21,"column":22},"end":{"line":21,"column":64}},"4":{"start":{"line":21,"column":43},"end":{"line":21,"column":63}},"5":{"start":{"line":22,"column":20},"end":{"line":22,"column":60}},"6":{"start":{"line":22,"column":41},"end":{"line":22,"column":59}},"7":{"start":{"line":23,"column":20},"end":{"line":23,"column":60}},"8":{"start":{"line":23,"column":41},"end":{"line":23,"column":59}},"9":{"start":{"line":24,"column":21},"end":{"line":24,"column":34}},"10":{"start":{"line":26,"column":4},"end":{"line":28,"column":11}},"11":{"start":{"line":27,"column":8},"end":{"line":27,"column":25}},"12":{"start":{"line":30,"column":4},"end":{"line":34,"column":17}},"13":{"start":{"line":31,"column":8},"end":{"line":33,"column":9}},"14":{"start":{"line":32,"column":12},"end":{"line":32,"column":29}},"15":{"start":{"line":36,"column":22},"end":{"line":47,"column":5}},"16":{"start":{"line":37,"column":8},"end":{"line":46,"column":9}},"17":{"start":{"line":43,"column":35},"end":{"line":43,"column":51}},"18":{"start":{"line":49,"column":27},"end":{"line":51,"column":5}},"19":{"start":{"line":50,"column":8},"end":{"line":50,"column":34}},"20":{"start":{"line":53,"column":31},"end":{"line":75,"column":5}},"21":{"start":{"line":54,"column":25},"end":{"line":54,"column":26}},"22":{"start":{"line":55,"column":28},"end":{"line":55,"column":29}},"23":{"start":{"line":57,"column":8},"end":{"line":69,"column":9}},"24":{"start":{"line":58,"column":12},"end":{"line":58,"column":33}},"25":{"start":{"line":59,"column":15},"end":{"line":69,"column":9}},"26":{"start":{"line":60,"column":12},"end":{"line":60,"column":30}},"27":{"start":{"line":61,"column":12},"end":{"line":61,"column":32}},"28":{"start":{"line":62,"column":15},"end":{"line":69,"column":9}},"29":{"start":{"line":63,"column":12},"end":{"line":63,"column":29}},"30":{"start":{"line":64,"column":12},"end":{"line":64,"column":33}},"31":{"start":{"line":67,"column":12},"end":{"line":67,"column":30}},"32":{"start":{"line":68,"column":12},"end":{"line":68,"column":30}},"33":{"start":{"line":71,"column":8},"end":{"line":74,"column":9}},"34":{"start":{"line":77,"column":33},"end":{"line":94,"column":5}},"35":{"start":{"line":78,"column":26},"end":{"line":78,"column":27}},"36":{"start":{"line":79,"column":27},"end":{"line":79,"column":28}},"37":{"start":{"line":81,"column":8},"end":{"line":88,"column":9}},"38":{"start":{"line":82,"column":12},"end":{"line":82,"column":29}},"39":{"start":{"line":83,"column":15},"end":{"line":88,"column":9}},"40":{"start":{"line":84,"column":12},"end":{"line":84,"column":28}},"41":{"start":{"line":86,"column":12},"end":{"line":86,"column":28}},"42":{"start":{"line":87,"column":12},"end":{"line":87,"column":29}},"43":{"start":{"line":90,"column":8},"end":{"line":93,"column":9}},"44":{"start":{"line":96,"column":4},"end":{"line":130,"column":5}},"45":{"start":{"line":99,"column":68},"end":{"line":99,"column":84}},"46":{"start":{"line":110,"column":62},"end":{"line":110,"column":85}},"47":{"start":{"line":111,"column":24},"end":{"line":124,"column":25}},"48":{"start":{"line":115,"column":78},"end":{"line":115,"column":103}},"49":{"start":{"line":116,"column":40},"end":{"line":120,"column":41}},"50":{"start":{"line":133,"column":15},"end":{"line":151,"column":2}}},"fnMap":{"0":{"name":"(anonymous_0)","decl":{"start":{"line":19,"column":19},"end":{"line":19,"column":20}},"loc":{"start":{"line":19,"column":30},"end":{"line":131,"column":1}},"line":19},"1":{"name":"(anonymous_1)","decl":{"start":{"line":20,"column":30},"end":{"line":20,"column":31}},"loc":{"start":{"line":20,"column":39},"end":{"line":20,"column":55}},"line":20},"2":{"name":"(anonymous_2)","decl":{"start":{"line":21,"column":34},"end":{"line":21,"column":35}},"loc":{"start":{"line":21,"column":43},"end":{"line":21,"column":63}},"line":21},"3":{"name":"(anonymous_3)","decl":{"start":{"line":22,"column":32},"end":{"line":22,"column":33}},"loc":{"start":{"line":22,"column":41},"end":{"line":22,"column":59}},"line":22},"4":{"name":"(anonymous_4)","decl":{"start":{"line":23,"column":32},"end":{"line":23,"column":33}},"loc":{"start":{"line":23,"column":41},"end":{"line":23,"column":59}},"line":23},"5":{"name":"(anonymous_5)","decl":{"start":{"line":26,"column":14},"end":{"line":26,"column":15}},"loc":{"start":{"line":26,"column":20},"end":{"line":28,"column":5}},"line":26},"6":{"name":"(anonymous_6)","decl":{"start":{"line":30,"column":14},"end":{"line":30,"column":15}},"loc":{"start":{"line":30,"column":20},"end":{"line":34,"column":5}},"line":30},"7":{"name":"(anonymous_7)","decl":{"start":{"line":36,"column":22},"end":{"line":36,"column":23}},"loc":{"start":{"line":36,"column":38},"end":{"line":47,"column":5}},"line":36},"8":{"name":"(anonymous_8)","decl":{"start":{"line":43,"column":29},"end":{"line":43,"column":30}},"loc":{"start":{"line":43,"column":35},"end":{"line":43,"column":51}},"line":43},"9":{"name":"(anonymous_9)","decl":{"start":{"line":49,"column":27},"end":{"line":49,"column":28}},"loc":{"start":{"line":49,"column":33},"end":{"line":51,"column":5}},"line":49},"10":{"name":"(anonymous_10)","decl":{"start":{"line":53,"column":31},"end":{"line":53,"column":32}},"loc":{"start":{"line":53,"column":46},"end":{"line":75,"column":5}},"line":53},"11":{"name":"(anonymous_11)","decl":{"start":{"line":77,"column":33},"end":{"line":77,"column":34}},"loc":{"start":{"line":77,"column":48},"end":{"line":94,"column":5}},"line":77},"12":{"name":"(anonymous_12)","decl":{"start":{"line":99,"column":62},"end":{"line":99,"column":63}},"loc":{"start":{"line":99,"column":68},"end":{"line":99,"column":84}},"line":99},"13":{"name":"(anonymous_13)","decl":{"start":{"line":109,"column":34},"end":{"line":109,"column":35}},"loc":{"start":{"line":109,"column":52},"end":{"line":126,"column":21}},"line":109},"14":{"name":"(anonymous_14)","decl":{"start":{"line":114,"column":48},"end":{"line":114,"column":49}},"loc":{"start":{"line":114,"column":63},"end":{"line":121,"column":37}},"line":114}},"branchMap":{"0":{"loc":{"start":{"line":31,"column":8},"end":{"line":33,"column":9}},"type":"if","locations":[{"start":{"line":31,"column":8},"end":{"line":33,"column":9}},{"start":{},"end":{}}],"line":31},"1":{"loc":{"start":{"line":57,"column":8},"end":{"line":69,"column":9}},"type":"if","locations":[{"start":{"line":57,"column":8},"end":{"line":69,"column":9}},{"start":{"line":59,"column":15},"end":{"line":69,"column":9}}],"line":57},"2":{"loc":{"start":{"line":59,"column":15},"end":{"line":69,"column":9}},"type":"if","locations":[{"start":{"line":59,"column":15},"end":{"line":69,"column":9}},{"start":{"line":62,"column":15},"end":{"line":69,"column":9}}],"line":59},"3":{"loc":{"start":{"line":62,"column":15},"end":{"line":69,"column":9}},"type":"if","locations":[{"start":{"line":62,"column":15},"end":{"line":69,"column":9}},{"start":{"line":66,"column":13},"end":{"line":69,"column":9}}],"line":62},"4":{"loc":{"start":{"line":81,"column":8},"end":{"line":88,"column":9}},"type":"if","locations":[{"start":{"line":81,"column":8},"end":{"line":88,"column":9}},{"start":{"line":83,"column":15},"end":{"line":88,"column":9}}],"line":81},"5":{"loc":{"start":{"line":83,"column":15},"end":{"line":88,"column":9}},"type":"if","locations":[{"start":{"line":83,"column":15},"end":{"line":88,"column":9}},{"start":{"line":85,"column":15},"end":{"line":88,"column":9}}],"line":83}},"s":{"0":1,"1":4,"2":7,"3":4,"4":7,"5":4,"6":7,"7":4,"8":7,"9":4,"10":4,"11":2,"12":4,"13":2,"14":0,"15":4,"16":0,"17":0,"18":4,"19":2,"20":4,"21":16,"22":16,"23":16,"24":4,"25":12,"26":4,"27":4,"28":8,"29":4,"30":4,"31":4,"32":4,"33":16,"34":4,"35":48,"36":48,"37":48,"38":16,"39":32,"40":16,"41":16,"42":16,"43":48,"44":4,"45":0,"46":16,"47":16,"48":48,"49":48,"50":1},"f":{"0":4,"1":7,"2":7,"3":7,"4":7,"5":2,"6":2,"7":0,"8":0,"9":2,"10":16,"11":48,"12":0,"13":16,"14":48},"b":{"0":[0,2],"1":[4,12],"2":[4,8],"3":[4,4],"4":[16,32],"5":[16,16]},"_coverageSchema":"1a1c01bbd47fc00a2c39e90264f33305004495a9","hash":"c86a53acf9d036f5e7f7f86b3a8a52890db055e7"}
}
