{"/Users/kelvintay/Desktop/MemoryGame/app/MainScreen.js": {"path":"/Users/kelvintay/Desktop/MemoryGame/app/MainScreen.js","statementMap":{"0":{"start":{"line":19,"column":19},"end":{"line":126,"column":1}},"1":{"start":{"line":21,"column":4},"end":{"line":23,"column":11}},"2":{"start":{"line":22,"column":8},"end":{"line":22,"column":25}},"3":{"start":{"line":25,"column":4},"end":{"line":29,"column":23}},"4":{"start":{"line":26,"column":8},"end":{"line":28,"column":9}},"5":{"start":{"line":27,"column":12},"end":{"line":27,"column":35}},"6":{"start":{"line":31,"column":22},"end":{"line":42,"column":5}},"7":{"start":{"line":32,"column":8},"end":{"line":41,"column":9}},"8":{"start":{"line":38,"column":35},"end":{"line":38,"column":51}},"9":{"start":{"line":44,"column":27},"end":{"line":46,"column":5}},"10":{"start":{"line":45,"column":8},"end":{"line":45,"column":30}},"11":{"start":{"line":48,"column":31},"end":{"line":70,"column":5}},"12":{"start":{"line":49,"column":25},"end":{"line":49,"column":26}},"13":{"start":{"line":50,"column":28},"end":{"line":50,"column":29}},"14":{"start":{"line":52,"column":8},"end":{"line":64,"column":9}},"15":{"start":{"line":53,"column":12},"end":{"line":53,"column":33}},"16":{"start":{"line":54,"column":15},"end":{"line":64,"column":9}},"17":{"start":{"line":55,"column":12},"end":{"line":55,"column":30}},"18":{"start":{"line":56,"column":12},"end":{"line":56,"column":32}},"19":{"start":{"line":57,"column":15},"end":{"line":64,"column":9}},"20":{"start":{"line":58,"column":12},"end":{"line":58,"column":29}},"21":{"start":{"line":59,"column":12},"end":{"line":59,"column":33}},"22":{"start":{"line":62,"column":12},"end":{"line":62,"column":30}},"23":{"start":{"line":63,"column":12},"end":{"line":63,"column":30}},"24":{"start":{"line":66,"column":8},"end":{"line":69,"column":9}},"25":{"start":{"line":72,"column":33},"end":{"line":89,"column":5}},"26":{"start":{"line":73,"column":26},"end":{"line":73,"column":27}},"27":{"start":{"line":74,"column":27},"end":{"line":74,"column":28}},"28":{"start":{"line":76,"column":8},"end":{"line":83,"column":9}},"29":{"start":{"line":77,"column":12},"end":{"line":77,"column":29}},"30":{"start":{"line":78,"column":15},"end":{"line":83,"column":9}},"31":{"start":{"line":79,"column":12},"end":{"line":79,"column":28}},"32":{"start":{"line":81,"column":12},"end":{"line":81,"column":28}},"33":{"start":{"line":82,"column":12},"end":{"line":82,"column":29}},"34":{"start":{"line":85,"column":8},"end":{"line":88,"column":9}},"35":{"start":{"line":91,"column":4},"end":{"line":125,"column":5}},"36":{"start":{"line":94,"column":74},"end":{"line":94,"column":90}},"37":{"start":{"line":105,"column":62},"end":{"line":105,"column":85}},"38":{"start":{"line":106,"column":24},"end":{"line":119,"column":25}},"39":{"start":{"line":110,"column":78},"end":{"line":110,"column":103}},"40":{"start":{"line":111,"column":40},"end":{"line":115,"column":41}},"41":{"start":{"line":128,"column":15},"end":{"line":146,"column":2}},"42":{"start":{"line":148,"column":24},"end":{"line":153,"column":2}},"43":{"start":{"line":148,"column":34},"end":{"line":153,"column":1}},"44":{"start":{"line":155,"column":27},"end":{"line":157,"column":1}},"45":{"start":{"line":156,"column":4},"end":{"line":156,"column":88}}},"fnMap":{"0":{"name":"(anonymous_0)","decl":{"start":{"line":19,"column":19},"end":{"line":19,"column":20}},"loc":{"start":{"line":19,"column":30},"end":{"line":126,"column":1}},"line":19},"1":{"name":"(anonymous_1)","decl":{"start":{"line":21,"column":14},"end":{"line":21,"column":15}},"loc":{"start":{"line":21,"column":20},"end":{"line":23,"column":5}},"line":21},"2":{"name":"(anonymous_2)","decl":{"start":{"line":25,"column":14},"end":{"line":25,"column":15}},"loc":{"start":{"line":25,"column":20},"end":{"line":29,"column":5}},"line":25},"3":{"name":"(anonymous_3)","decl":{"start":{"line":31,"column":22},"end":{"line":31,"column":23}},"loc":{"start":{"line":31,"column":38},"end":{"line":42,"column":5}},"line":31},"4":{"name":"(anonymous_4)","decl":{"start":{"line":38,"column":29},"end":{"line":38,"column":30}},"loc":{"start":{"line":38,"column":35},"end":{"line":38,"column":51}},"line":38},"5":{"name":"(anonymous_5)","decl":{"start":{"line":44,"column":27},"end":{"line":44,"column":28}},"loc":{"start":{"line":44,"column":33},"end":{"line":46,"column":5}},"line":44},"6":{"name":"(anonymous_6)","decl":{"start":{"line":48,"column":31},"end":{"line":48,"column":32}},"loc":{"start":{"line":48,"column":46},"end":{"line":70,"column":5}},"line":48},"7":{"name":"(anonymous_7)","decl":{"start":{"line":72,"column":33},"end":{"line":72,"column":34}},"loc":{"start":{"line":72,"column":48},"end":{"line":89,"column":5}},"line":72},"8":{"name":"(anonymous_8)","decl":{"start":{"line":94,"column":68},"end":{"line":94,"column":69}},"loc":{"start":{"line":94,"column":74},"end":{"line":94,"column":90}},"line":94},"9":{"name":"(anonymous_9)","decl":{"start":{"line":104,"column":40},"end":{"line":104,"column":41}},"loc":{"start":{"line":104,"column":58},"end":{"line":121,"column":21}},"line":104},"10":{"name":"(anonymous_10)","decl":{"start":{"line":109,"column":48},"end":{"line":109,"column":49}},"loc":{"start":{"line":109,"column":63},"end":{"line":116,"column":37}},"line":109},"11":{"name":"(anonymous_11)","decl":{"start":{"line":148,"column":24},"end":{"line":148,"column":25}},"loc":{"start":{"line":148,"column":34},"end":{"line":153,"column":1}},"line":148},"12":{"name":"(anonymous_12)","decl":{"start":{"line":155,"column":27},"end":{"line":155,"column":28}},"loc":{"start":{"line":156,"column":4},"end":{"line":156,"column":88}},"line":156}},"branchMap":{"0":{"loc":{"start":{"line":26,"column":8},"end":{"line":28,"column":9}},"type":"if","locations":[{"start":{"line":26,"column":8},"end":{"line":28,"column":9}},{"start":{},"end":{}}],"line":26},"1":{"loc":{"start":{"line":52,"column":8},"end":{"line":64,"column":9}},"type":"if","locations":[{"start":{"line":52,"column":8},"end":{"line":64,"column":9}},{"start":{"line":54,"column":15},"end":{"line":64,"column":9}}],"line":52},"2":{"loc":{"start":{"line":54,"column":15},"end":{"line":64,"column":9}},"type":"if","locations":[{"start":{"line":54,"column":15},"end":{"line":64,"column":9}},{"start":{"line":57,"column":15},"end":{"line":64,"column":9}}],"line":54},"3":{"loc":{"start":{"line":57,"column":15},"end":{"line":64,"column":9}},"type":"if","locations":[{"start":{"line":57,"column":15},"end":{"line":64,"column":9}},{"start":{"line":61,"column":13},"end":{"line":64,"column":9}}],"line":57},"4":{"loc":{"start":{"line":76,"column":8},"end":{"line":83,"column":9}},"type":"if","locations":[{"start":{"line":76,"column":8},"end":{"line":83,"column":9}},{"start":{"line":78,"column":15},"end":{"line":83,"column":9}}],"line":76},"5":{"loc":{"start":{"line":78,"column":15},"end":{"line":83,"column":9}},"type":"if","locations":[{"start":{"line":78,"column":15},"end":{"line":83,"column":9}},{"start":{"line":80,"column":15},"end":{"line":83,"column":9}}],"line":78}},"s":{"0":1,"1":4,"2":2,"3":4,"4":2,"5":0,"6":4,"7":0,"8":0,"9":4,"10":2,"11":4,"12":16,"13":16,"14":16,"15":4,"16":12,"17":4,"18":4,"19":8,"20":4,"21":4,"22":4,"23":4,"24":16,"25":4,"26":48,"27":48,"28":48,"29":16,"30":32,"31":16,"32":16,"33":16,"34":48,"35":4,"36":0,"37":16,"38":16,"39":48,"40":48,"41":1,"42":1,"43":5,"44":1,"45":2},"f":{"0":4,"1":2,"2":2,"3":0,"4":0,"5":2,"6":16,"7":48,"8":0,"9":16,"10":48,"11":5,"12":2},"b":{"0":[0,2],"1":[4,12],"2":[4,8],"3":[4,4],"4":[16,32],"5":[16,16]},"_coverageSchema":"1a1c01bbd47fc00a2c39e90264f33305004495a9","hash":"a4d629e000ffb5bce8f02a90eade14df7da1c256"}
}
