TN:
SF:App.js
FN:15,(anonymous_0)
FNF:1
FNH:1
FNDA:2,(anonymous_0)
DA:15,1
DA:17,2
LF:2
LH:2
BRF:0
BRH:0
end_of_record
TN:
SF:app/MainScreen.js
FN:19,(anonymous_0)
FN:21,(anonymous_1)
FN:25,(anonymous_2)
FN:31,(anonymous_3)
FN:38,(anonymous_4)
FN:44,(anonymous_5)
FN:48,(anonymous_6)
FN:72,(anonymous_7)
FN:94,(anonymous_8)
FN:104,(anonymous_9)
FN:109,(anonymous_10)
FN:148,(anonymous_11)
FN:155,(anonymous_12)
FNF:13
FNH:10
FNDA:4,(anonymous_0)
FNDA:2,(anonymous_1)
FNDA:2,(anonymous_2)
FNDA:0,(anonymous_3)
FNDA:0,(anonymous_4)
FNDA:2,(anonymous_5)
FNDA:16,(anonymous_6)
FNDA:48,(anonymous_7)
FNDA:0,(anonymous_8)
FNDA:16,(anonymous_9)
FNDA:48,(anonymous_10)
FNDA:5,(anonymous_11)
FNDA:2,(anonymous_12)
DA:19,1
DA:21,4
DA:22,2
DA:25,4
DA:26,2
DA:27,0
DA:31,4
DA:32,0
DA:38,0
DA:44,4
DA:45,2
DA:48,4
DA:49,16
DA:50,16
DA:52,16
DA:53,4
DA:54,12
DA:55,4
DA:56,4
DA:57,8
DA:58,4
DA:59,4
DA:62,4
DA:63,4
DA:66,16
DA:72,4
DA:73,48
DA:74,48
DA:76,48
DA:77,16
DA:78,32
DA:79,16
DA:81,16
DA:82,16
DA:85,48
DA:91,4
DA:94,0
DA:105,16
DA:106,16
DA:110,48
DA:111,48
DA:128,1
DA:148,5
DA:155,1
DA:156,2
LF:45
LH:41
BRDA:26,0,0,0
BRDA:26,0,1,2
BRDA:52,1,0,4
BRDA:52,1,1,12
BRDA:54,2,0,4
BRDA:54,2,1,8
BRDA:57,3,0,4
BRDA:57,3,1,4
BRDA:76,4,0,16
BRDA:76,4,1,32
BRDA:78,5,0,16
BRDA:78,5,1,16
BRF:12
BRH:11
end_of_record
TN:
SF:app/components/CardItem.js
FN:17,(anonymous_0)
FN:23,(anonymous_1)
FN:31,(anonymous_2)
FN:38,(anonymous_3)
FN:50,(anonymous_4)
FN:57,(anonymous_5)
FN:65,(anonymous_6)
FN:90,(anonymous_7)
FN:146,(anonymous_8)
FN:150,(anonymous_9)
FNF:10
FNH:4
FNDA:48,(anonymous_0)
FNDA:24,(anonymous_1)
FNDA:0,(anonymous_2)
FNDA:0,(anonymous_3)
FNDA:0,(anonymous_4)
FNDA:0,(anonymous_5)
FNDA:0,(anonymous_6)
FNDA:0,(anonymous_7)
FNDA:48,(anonymous_8)
FNDA:24,(anonymous_9)
DA:17,1
DA:18,48
DA:20,48
DA:21,48
DA:23,48
DA:24,24
DA:25,0
DA:26,0
DA:32,0
DA:33,0
DA:39,0
DA:43,24
DA:45,24
DA:51,0
DA:52,0
DA:58,0
DA:65,48
DA:67,0
DA:68,0
DA:71,0
DA:73,0
DA:75,0
DA:76,0
DA:79,48
DA:90,0
DA:107,1
DA:146,48
DA:150,1
DA:151,24
LF:29
LH:14
BRDA:24,0,0,0
BRDA:24,0,1,24
BRDA:67,1,0,0
BRDA:67,1,1,0
BRDA:89,2,0,48
BRDA:89,2,1,12
BRDA:89,2,2,12
BRDA:91,3,0,24
BRDA:91,3,1,24
BRDA:93,4,0,24
BRDA:93,4,1,24
BRF:11
BRH:8
end_of_record
TN:
SF:app/redux/actions/mainAction.js
FN:6,(anonymous_0)
FN:12,(anonymous_1)
FN:18,(anonymous_2)
FN:27,(anonymous_3)
FN:37,(anonymous_4)
FNF:5
FNH:1
FNDA:2,(anonymous_0)
FNDA:0,(anonymous_1)
FNDA:0,(anonymous_2)
FNDA:0,(anonymous_3)
FNDA:0,(anonymous_4)
DA:6,1
DA:7,2
DA:12,1
DA:13,0
DA:18,1
DA:19,0
DA:27,1
DA:28,0
DA:37,1
DA:38,0
LF:10
LH:6
BRF:0
BRH:0
end_of_record
TN:
SF:app/redux/reducers/index.js
FNF:0
FNH:0
DA:4,1
LF:1
LH:1
BRF:0
BRH:0
end_of_record
TN:
SF:app/redux/reducers/mainReducer.js
FN:70,(anonymous_0)
FN:77,(anonymous_1)
FN:78,(anonymous_2)
FN:92,(anonymous_3)
FN:93,(anonymous_4)
FN:129,(anonymous_5)
FN:133,(anonymous_6)
FNF:7
FNH:5
FNDA:9,(anonymous_0)
FNDA:12,(anonymous_1)
FNDA:36,(anonymous_2)
FNDA:4,(anonymous_3)
FNDA:12,(anonymous_4)
FNDA:0,(anonymous_5)
FNDA:0,(anonymous_6)
DA:4,1
DA:70,1
DA:71,9
DA:73,9
DA:76,3
DA:77,3
DA:78,12
DA:79,36
DA:84,3
DA:91,1
DA:92,1
DA:93,4
DA:94,12
DA:97,1
DA:98,1
DA:100,1
DA:108,0
DA:109,0
DA:110,0
DA:113,0
DA:119,1
DA:124,0
DA:125,0
DA:127,0
DA:129,0
DA:130,0
DA:133,0
DA:134,0
DA:135,0
DA:139,0
DA:146,4
LF:31
LH:18
BRDA:70,0,0,7
BRDA:70,1,0,0
BRDA:73,2,0,3
BRDA:73,2,1,1
BRDA:73,2,2,0
BRDA:73,2,3,1
BRDA:73,2,4,0
BRDA:73,2,5,4
BRDA:134,3,0,0
BRDA:134,3,1,0
BRF:10
BRH:5
end_of_record
TN:
SF:app/redux/sagas/index.js
FN:4,rootSaga
FNF:1
FNH:1
FNDA:1,rootSaga
DA:5,1
LF:1
LH:1
BRF:0
BRH:0
end_of_record
TN:
SF:app/redux/sagas/mainSaga.js
FN:6,endGameInfo
FN:16,restartGameInfo
FN:21,compareInfo
FN:31,(anonymous_3)
FN:57,watchEndGameInfo
FN:61,watchRestartGame
FN:65,watchCompareInfo
FNF:7
FNH:4
FNDA:0,endGameInfo
FNDA:2,restartGameInfo
FNDA:0,compareInfo
FNDA:0,(anonymous_3)
FNDA:1,watchEndGameInfo
FNDA:1,watchRestartGame
FNDA:1,watchCompareInfo
DA:7,0
DA:9,0
DA:10,0
DA:11,0
DA:12,0
DA:17,2
DA:18,0
DA:24,0
DA:27,0
DA:28,0
DA:29,0
DA:30,0
DA:31,0
DA:32,0
DA:35,0
DA:36,0
DA:38,0
DA:39,0
DA:41,0
DA:42,0
DA:51,0
DA:52,0
DA:53,0
DA:58,1
DA:62,1
DA:66,1
LF:26
LH:4
BRDA:10,0,0,0
BRDA:10,0,1,0
BRDA:30,1,0,0
BRDA:30,1,1,0
BRDA:32,2,0,0
BRDA:32,2,1,0
BRDA:38,3,0,0
BRDA:38,3,1,0
BRDA:51,4,0,0
BRDA:51,4,1,0
BRDA:51,5,0,0
BRDA:51,5,1,0
BRF:12
BRH:0
end_of_record
TN:
SF:app/redux/store/index.js
FNF:0
FNH:0
DA:7,1
DA:8,1
DA:10,1
LF:3
LH:3
BRF:0
BRH:0
end_of_record
TN:
SF:app/redux/types/mainType.js
FNF:0
FNH:0
DA:1,1
DA:2,1
DA:3,1
DA:4,1
DA:5,1
LF:5
LH:5
BRF:0
BRH:0
end_of_record
TN:
SF:app/utils/Colors.js
FNF:0
FNH:0
LF:0
LH:0
BRF:0
BRH:0
end_of_record
TN:
SF:app/utils/CommonFunctions.js
FN:7,(anonymous_0)
FN:11,(anonymous_1)
FN:16,(anonymous_2)
FN:44,(anonymous_3)
FN:57,(anonymous_4)
FN:83,(anonymous_5)
FN:92,(anonymous_6)
FN:96,(anonymous_7)
FN:100,(anonymous_8)
FN:104,(anonymous_9)
FNF:10
FNH:10
FNDA:2,(anonymous_0)
FNDA:1,(anonymous_1)
FNDA:68,(anonymous_2)
FNDA:4,(anonymous_3)
FNDA:4,(anonymous_4)
FNDA:1,(anonymous_5)
FNDA:1,(anonymous_6)
FNDA:2,(anonymous_7)
FNDA:1,(anonymous_8)
FNDA:1,(anonymous_9)
DA:3,1
DA:5,1
DA:7,1
DA:8,2
DA:11,1
DA:12,1
DA:15,1
DA:16,1
DA:18,68
DA:19,68
DA:22,68
DA:23,68
DA:24,0
DA:27,68
DA:29,68
DA:30,68
DA:31,0
DA:32,0
DA:33,0
DA:34,0
DA:35,0
DA:36,0
DA:39,68
DA:40,68
DA:44,1
DA:45,4
DA:46,4
DA:47,4
DA:48,44
DA:49,44
DA:50,44
DA:51,44
DA:54,4
DA:57,1
DA:58,4
DA:60,4
DA:61,24
DA:62,25
DA:64,25
DA:65,1
DA:68,24
DA:69,24
DA:73,4
DA:74,4
DA:75,8
DA:78,4
DA:80,4
DA:83,1
DA:84,1
DA:85,1
DA:86,1
DA:87,1
DA:89,1
DA:92,1
DA:93,1
DA:96,1
DA:97,2
DA:100,1
DA:101,1
DA:104,1
DA:105,1
DA:106,1
DA:107,3
DA:109,3
DA:110,0
DA:111,0
DA:112,0
DA:118,1
LF:68
LH:58
BRDA:23,0,0,0
BRDA:23,0,1,68
BRDA:29,1,0,68
BRDA:29,1,1,0
BRDA:31,2,0,0
BRDA:31,2,1,0
BRDA:31,3,0,0
BRDA:31,3,1,0
BRDA:33,4,0,0
BRDA:33,4,1,0
BRDA:33,5,0,0
BRDA:33,5,1,0
BRDA:35,6,0,0
BRDA:35,6,1,0
BRDA:35,7,0,0
BRDA:35,7,1,0
BRDA:46,8,0,4
BRDA:46,8,1,0
BRDA:57,9,0,0
BRDA:57,10,0,0
BRDA:64,11,0,1
BRDA:64,11,1,24
BRDA:86,12,0,1
BRDA:86,12,1,0
BRDA:109,13,0,0
BRDA:109,13,1,3
BRDA:111,14,0,0
BRDA:111,14,1,0
BRDA:111,15,0,0
BRDA:111,15,1,0
BRF:30
BRH:7
end_of_record
TN:
SF:app/utils/CommonStyles.js
FNF:0
FNH:0
LF:0
LH:0
BRF:0
BRH:0
end_of_record
TN:
SF:app/utils/Globals.js
FNF:0
FNH:0
DA:5,1
DA:6,1
DA:7,1
LF:3
LH:3
BRF:0
BRH:0
end_of_record
