TN:
SF:app/MainScreen.js
FN:19,(anonymous_0)
FN:21,(anonymous_1)
FN:25,(anonymous_2)
FN:31,(anonymous_3)
FN:38,(anonymous_4)
FN:44,(anonymous_5)
FN:48,(anonymous_6)
FN:72,(anonymous_7)
FN:94,(anonymous_8)
FN:104,(anonymous_9)
FN:109,(anonymous_10)
FN:148,(anonymous_11)
FN:155,(anonymous_12)
FNF:13
FNH:10
FNDA:4,(anonymous_0)
FNDA:2,(anonymous_1)
FNDA:2,(anonymous_2)
FNDA:0,(anonymous_3)
FNDA:0,(anonymous_4)
FNDA:2,(anonymous_5)
FNDA:16,(anonymous_6)
FNDA:48,(anonymous_7)
FNDA:0,(anonymous_8)
FNDA:16,(anonymous_9)
FNDA:48,(anonymous_10)
FNDA:5,(anonymous_11)
FNDA:2,(anonymous_12)
DA:19,1
DA:21,4
DA:22,2
DA:25,4
DA:26,2
DA:27,0
DA:31,4
DA:32,0
DA:38,0
DA:44,4
DA:45,2
DA:48,4
DA:49,16
DA:50,16
DA:52,16
DA:53,4
DA:54,12
DA:55,4
DA:56,4
DA:57,8
DA:58,4
DA:59,4
DA:62,4
DA:63,4
DA:66,16
DA:72,4
DA:73,48
DA:74,48
DA:76,48
DA:77,16
DA:78,32
DA:79,16
DA:81,16
DA:82,16
DA:85,48
DA:91,4
DA:94,0
DA:105,16
DA:106,16
DA:110,48
DA:111,48
DA:128,1
DA:148,5
DA:155,1
DA:156,2
LF:45
LH:41
BRDA:26,0,0,0
BRDA:26,0,1,2
BRDA:52,1,0,4
BRDA:52,1,1,12
BRDA:54,2,0,4
BRDA:54,2,1,8
BRDA:57,3,0,4
BRDA:57,3,1,4
BRDA:76,4,0,16
BRDA:76,4,1,32
BRDA:78,5,0,16
BRDA:78,5,1,16
BRF:12
BRH:11
end_of_record
